This is LuaTeX, Version 1.0.4 (TeX Live 2017/Debian)  (format=lualatex 2019.12.11)  5 JAN 2020 02:57
 restricted system commands enabled.
 file:line:error style messages enabled.
**/home/m93a/Dokumenty/MpF1/riget
(/home/m93a/Dokumenty/MpF1/riget.tex
LaTeX2e <2017-04-15>
Lua module: luaotfload-main 2017/01/29 2.80001 OpenType layout system.
Lua module: lualibs 2017-02-01 2.5 ConTeXt Lua standard libraries.
Lua module: lualibs-extended 2017-02-01 2.5 ConTeXt Lua libraries -- extended collection.(using write cache: /home/m93a/.texlive2017/texmf-var/luatex-cache/generic)(using read cache: /var/lib/texmf/luatex-cache/generic /home/m93a/.texlive2017/texmf-var/luatex-cache/generic)
luaotfload | conf : Root cache directory is /home/m93a/.texlive2017/texmf-var/luatex-cache/generic/names.
luaotfload | init : Loading fontloader “fontloader-2017-02-11.lua” from kpse-resolved path “/usr/share/texlive/texmf-dist/tex/luatex/luaotfload/fontloader-2017-02-11.lua”.
Lua-only attribute luaotfload@state = 1
Lua-only attribute luaotfload@noligature = 2
Lua-only attribute luaotfload@syllabe = 3
luaotfload | init : Context OpenType loader version “3.027”
Inserting `luaotfload.node_processor' at position 1 in `pre_linebreak_filter'.
Inserting `luaotfload.node_processor' at position 1 in `hpack_filter'.
Inserting `luaotfload.define_font' at position 1 in `define_font'.
Lua-only attribute luaotfload_color_attribute = 4
luaotfload | conf : Root cache directory is /home/m93a/.texlive2017/texmf-var/luatex-cache/generic/names.
Inserting `luaotfload.aux.set_sscale_dimens' at position 1 in `luaotfload.patch_font'.
Inserting `luaotfload.aux.patch_cambria_domh' at position 2 in `luaotfload.patch_font'.
Inserting `luaotfload.aux.fixup_fontdata' at position 1 in `luaotfload.patch_font_unsafe'.
Inserting `luaotfload.aux.set_capheight' at position 3 in `luaotfload.patch_font'.
Inserting `luaotfload.rewrite_fontname' at position 4 in `luaotfload.patch_font'.
luaotfload | main : initialization completed in 0.339 seconds
Babel <3.18> and hyphenation patterns for 1 language(s) loaded.
(/usr/share/texlive/texmf-dist/tex/latex/base/article.cls
Document Class: article 2014/09/29 v1.4h Standard LaTeX document class
(/usr/share/texlive/texmf-dist/tex/latex/base/size10.clo
File: size10.clo 2014/09/29 v1.4h Standard LaTeX file (size option)
luaotfload | db : Font names database loaded from /home/m93a/.texlive2017/texmf-var/luatex-cache/generic/names/luaotfload-names.luc(load luc: /home/m93a/.texlive2017/texmf-var/luatex-cache/generic/fonts/otl/lmroman10-regular.luc))
\c@part=\count79
\c@section=\count80
\c@subsection=\count81
\c@subsubsection=\count82
\c@paragraph=\count83
\c@subparagraph=\count84
\c@figure=\count85
\c@table=\count86
\abovecaptionskip=\skip41
\belowcaptionskip=\skip42
\bibindent=\dimen102
) (/usr/share/texlive/texmf-dist/tex/latex/graphics/graphicx.sty
Package: graphicx 2017/06/01 v1.1a Enhanced LaTeX Graphics (DPC,SPQR)
 (/usr/share/texlive/texmf-dist/tex/latex/graphics/keyval.sty
Package: keyval 2014/10/28 v1.15 key=value parser (DPC)
\KV@toks@=\toks14
) (/usr/share/texlive/texmf-dist/tex/latex/graphics/graphics.sty
Package: graphics 2017/06/25 v1.2c Standard LaTeX Graphics (DPC,SPQR)
 (/usr/share/texlive/texmf-dist/tex/latex/graphics/trig.sty
Package: trig 2016/01/03 v1.10 sin cos tan (DPC)
) (/usr/share/texlive/texmf-dist/tex/latex/graphics-cfg/graphics.cfg
File: graphics.cfg 2016/06/04 v1.11 sample graphics configuration
)
Package graphics Info: Driver file: luatex.def on input line 99.
 (/usr/share/texlive/texmf-dist/tex/latex/graphics-def/luatex.def
File: luatex.def 2018/01/08 v1.0l Graphics/color driver for luatex
))
\Gin@req@height=\dimen103
\Gin@req@width=\dimen104
)
luaotfload | cache : Lookup cache loaded from /home/m93a/.texlive2017/texmf-var/luatex-cache/generic/names/luaotfload-lookup-cache.luc.
luaotfload | db : Reload initiated (formats: otf,ttf,ttc); reason: "Font cmuntt not found.".(load luc: /home/m93a/.texlive2017/texmf-var/luatex-cache/generic/fonts/otl/cmuntt.luc)
Removing  `luaotfload.define_font' from `define_font'.
Inserting `define font' at position 1 in `define_font'. (./riget.aux)
\openout1 = riget.aux

LaTeX Font Info:    Checking defaults for OML/cmm/m/it on input line 93.
LaTeX Font Info:    ... okay on input line 93.
LaTeX Font Info:    Checking defaults for T1/cmr/m/n on input line 93.
LaTeX Font Info:    ... okay on input line 93.
LaTeX Font Info:    Checking defaults for OT1/cmr/m/n on input line 93.
LaTeX Font Info:    ... okay on input line 93.
LaTeX Font Info:    Checking defaults for OMS/cmsy/m/n on input line 93.
LaTeX Font Info:    ... okay on input line 93.
LaTeX Font Info:    Checking defaults for TU/lmr/m/n on input line 93.
LaTeX Font Info:    ... okay on input line 93.
LaTeX Font Info:    Checking defaults for OMX/cmex/m/n on input line 93.
LaTeX Font Info:    ... okay on input line 93.
LaTeX Font Info:    Checking defaults for U/cmr/m/n on input line 93.
LaTeX Font Info:    ... okay on input line 93.
 (/usr/share/texlive/texmf-dist/tex/context/base/mkii/supp-pdf.mkii
[Loading MPS to PDF converter (version 2006.09.02).]
\scratchcounter=\count87
\scratchdimen=\dimen105
\scratchbox=\box26
\nofMPsegments=\count88
\nofMParguments=\count89
\everyMPshowfont=\toks15
\MPscratchCnt=\count90
\MPscratchDim=\dimen106
\MPnumerator=\count91
\makeMPintoPDFobject=\count92
\everyMPtoPDFconversion=\toks16
) (/usr/share/texlive/texmf-dist/tex/latex/oberdiek/epstopdf-base.sty
Package: epstopdf-base 2016/05/15 v2.6 Base part for package epstopdf
 (/usr/share/texlive/texmf-dist/tex/generic/oberdiek/infwarerr.sty
Package: infwarerr 2016/05/16 v1.4 Providing info/warning/error messages (HO)
) (/usr/share/texlive/texmf-dist/tex/latex/oberdiek/grfext.sty
Package: grfext 2016/05/16 v1.2 Manage graphics extensions (HO)
 (/usr/share/texlive/texmf-dist/tex/generic/oberdiek/kvdefinekeys.sty
Package: kvdefinekeys 2016/05/16 v1.4 Define keys (HO)
 (/usr/share/texlive/texmf-dist/tex/generic/oberdiek/ltxcmds.sty
Package: ltxcmds 2016/05/16 v1.23 LaTeX kernel commands for general use (HO)
))) (/usr/share/texlive/texmf-dist/tex/latex/oberdiek/kvoptions.sty
Package: kvoptions 2016/05/16 v3.12 Key value format for package options (HO)
 (/usr/share/texlive/texmf-dist/tex/generic/oberdiek/kvsetkeys.sty
Package: kvsetkeys 2016/05/16 v1.17 Key value parser (HO)
 (/usr/share/texlive/texmf-dist/tex/generic/oberdiek/etexcmds.sty
Package: etexcmds 2016/05/16 v1.6 Avoid name clashes with e-TeX commands (HO)
 (/usr/share/texlive/texmf-dist/tex/generic/oberdiek/ifluatex.sty
Package: ifluatex 2016/05/16 v1.4 Provides the ifluatex switch (HO)
Package ifluatex Info: LuaTeX detected.
)))) (/usr/share/texlive/texmf-dist/tex/generic/oberdiek/pdftexcmds.sty
Package: pdftexcmds 2018/01/21 v0.26 Utility functions of pdfTeX for LuaTeX (HO)
 (/usr/share/texlive/texmf-dist/tex/generic/oberdiek/ifpdf.sty
Package: ifpdf 2017/03/15 v3.2 Provides the ifpdf switch
)
Package pdftexcmds Info: \pdf@primitive is available.
Package pdftexcmds Info: \pdf@ifprimitive is available.
Package pdftexcmds Info: \pdfdraftmode found.
\pdftexcmds@toks=\toks17
)
Package epstopdf-base Info: Redefining graphics rule for `.eps' on input line 438.
Package grfext Info: Graphics extension search list:
(grfext)             [.pdf,.png,.jpg,.mps,.jpeg,.jbig2,.jb2,.PDF,.PNG,.JPG,.JPEG,.JBIG2,.JB2,.eps]
(grfext)             \AppendGraphicsExtensions on input line 456.
 (/usr/share/texlive/texmf-dist/tex/latex/latexconfig/epstopdf-sys.cfg
File: epstopdf-sys.cfg 2010/07/13 v1.3 Configuration of (r)epstopdf for TeX Live
))
LaTeX Font Info:    External font `cmex10' loaded for size
(Font)              <7> on input line 94.
LaTeX Font Info:    External font `cmex10' loaded for size
(Font)              <5> on input line 94.

Overfull \hbox (1.50017pt too wide) in paragraph at lines 114--115
\myfont Ano, přiznávám bez mučení, včera v noci jsem se vloupal
 []


Overfull \hbox (33.00018pt too wide) in paragraph at lines 114--115
\myfont do nemoc-nice. Ale než mě za takový lehkovážný čin odsoudíte,
 []


Overfull \hbox (1.50017pt too wide) in paragraph at lines 114--115
\myfont vyslech-něte si ne-jdřív celý příběh. Popravdě je poněkud
 []


Overfull \hbox (1.50017pt too wide) in paragraph at lines 114--115
\myfont komické psát tímto tónem, když si tento doku-ment přečtu
 []


Overfull \hbox (1.50017pt too wide) in paragraph at lines 114--115
\myfont nane-jvýš já a můj pro-fe-sor z uni-ver-sity, než jej spálím
 []


Overfull \hbox (33.00018pt too wide) in paragraph at lines 114--115
\myfont v krbu. Po tom, co jsem včera za-žil, je ale ne-tradiční volba
 []


Overfull \hbox (3.90016pt too wide) in paragraph at lines 116--117
[]\myfont Můj mo-tiv byl prostý a prag-mat-ický - před svátky mi v
 []


Overfull \hbox (20.40018pt too wide) in paragraph at lines 116--117
\myfont nemoc-nici Riget zemřela babička z matčiny strany a já, vě-
 []


Overfull \hbox (26.70018pt too wide) in paragraph at lines 116--117
\myfont dom si pochybné pověsti nemoc-nice, rozhodl jsem se vyšťárat
 []


Overfull \hbox (1.50017pt too wide) in paragraph at lines 116--117
\myfont na per-sonál ně-jakou špínu. Nezdárně za-končené dok-torské
 []


Overfull \hbox (1.50017pt too wide) in paragraph at lines 116--117
\myfont studium mě zanechalo bez peněz i bez práce a vid-ina ně-
 []


Overfull \hbox (39.30019pt too wide) in paragraph at lines 116--117
\myfont jakého fi-nančního odškod-nění za zes-nu-lou příbuz-nou mě lákala.
 []


Overfull \hbox (20.40018pt too wide) in paragraph at lines 116--117
\myfont Využil jsem tedy novoroční vřavy, nepo-zorovaně roz-bil okno
 []


Overfull \hbox (29.10017pt too wide) in paragraph at lines 118--119
[]\myfont Netr-valo mi dlouho proklouz-nout kolem noční směny v levém
 []


Overfull \hbox (7.80017pt too wide) in paragraph at lines 118--119
\myfont kří-dle - to nealko-holické šam-paňské je asi zmohlo, proto
 []


Overfull \hbox (7.80017pt too wide) in paragraph at lines 118--119
\myfont všichni tři spoko-jeně podři-movali. Ani ne za de-set minut
 []


Overfull \hbox (26.70018pt too wide) in paragraph at lines 118--119
\myfont jsem byl u dveří már-nice. Za-tímco doteď bylo všechno snadné
 []


Overfull \hbox (14.10017pt too wide) in paragraph at lines 118--119
\myfont pop-sat, správná slova pro to, co násle-dovalo, se mi doteď
 []


Overfull \hbox (14.10017pt too wide) in paragraph at lines 118--119
\myfont nedaří na-jít. Při vzpomínce na včere-jšek se mi stále ježí
 []


Overfull \hbox (14.10017pt too wide) in paragraph at lines 118--119
\myfont vlasy na zátylku, proto od-pusťte, drahý prof. Ørst-ede, že
 []


Overfull \hbox (7.80017pt too wide) in paragraph at lines 118--119
\myfont se události ani nepokusím pop-sat, ale raději Vás na tuto
 []


Overfull \hbox (1.50017pt too wide) in paragraph at lines 118--119
\myfont prokle-tou půdu dovedu, abyste vše viděl na vlastní oči.
 []


Overfull \hbox (20.40018pt too wide) in paragraph at lines 118--119
\myfont Vězte ale, že má teorie - ta nemod-erní, ne-fal-si-fiko-vatelná
 []


Overfull \hbox (1.50017pt too wide) in paragraph at lines 118--119
\myfont a par-avědecká, kterou celý sbor až na Vás odsoudil - má
 []


Overfull \hbox (7.80017pt too wide) in paragraph at lines 122--123
\myfont Uby-to-val jsem se v hotelu zhruba dva kilo-m-e-try od nemoc-
 []


Overfull \hbox (1.50017pt too wide) in paragraph at lines 122--123
\myfont nice. Po dni shánění součástek, pá-jení a mon-tování, po-
 []


Overfull \hbox (26.70018pt too wide) in paragraph at lines 122--123
\myfont dařilo se mi se-s-tro-jit et-er-ický in-ter-fer-ometr - první svého
 []


Overfull \hbox (1.50017pt too wide) in paragraph at lines 122--123
\myfont druhu. Dnes jsem se opět vloupal do nemoc-nice a provedl
 []


Overfull \hbox (26.70018pt too wide) in paragraph at lines 122--123
\myfont pečlivá něko-lika-hodi-nová měření. Má podezření se potvrdila:
 []


Overfull \hbox (14.10017pt too wide) in paragraph at lines 122--123
\myfont po-dařilo se mi naměřit uni-formní vír v éteru. Prošel jsem
 []


Overfull \hbox (14.10017pt too wide) in paragraph at lines 122--123
\myfont s přístro-jem všechna pa-tra, o silné vál-cové symetrii není
 []

[1

{/var/lib/texmf/fonts/map/pdftex/updmap/pdftex.map}]
Overfull \hbox (7.80017pt too wide) in paragraph at lines 125--127
\myfont Osa $[]$ se nachází asi 150 m sev-erně od re-cepce nemoc-nice. 
 []


Overfull \hbox (29.10017pt too wide) in paragraph at lines 128--129
[]\myfont Pro-tože při sobě bo-hužel nemám tab-ulky, budu si pro práci
 []


Overfull \hbox (33.00018pt too wide) in paragraph at lines 128--129
\myfont s vál-cov-ými souřad-nicemi něko-lik vz-tahů muset odvodit ručně.
 []


Overfull \hbox (14.10017pt too wide) in paragraph at lines 131--134
\myfont Nyní si vyjádřím derivace polo-hového vek-toru po-dle nových
 []


Underfull \hbox (badness 10000) in paragraph at lines 139--141

 []


Overfull \hbox (19.6556pt too wide) in paragraph at lines 149--152
\myfont Ve-likosti těchto vek-torů jsou Lamého ko-e-fi-cienty $[] = |[]|$: 
 []

Missing character: There is no φ (U+03C6) in font cmmi7!
Missing character: There is no φ (U+03C6) in font cmmi7!
Missing character: There is no φ (U+03C6) in font cmmi5!
Missing character: There is no φ (U+03C6) in font cmmi5!
[2]
Overfull \hbox (7.80017pt too wide) in paragraph at lines 189--192
\myfont Z řetízkového pravidla ply-nou vz-tahy mezi op-erá-tory par-
 []


Overfull \hbox (7.80017pt too wide) in paragraph at lines 197--200
\myfont Vyřešením sous-tavy dvou rovnic a dosazením derivací jsem
 []


Overfull \hbox (45.60019pt too wide) in paragraph at lines 205--208
\myfont V kartézských souřad-nicích vy-padá op-erá-tor pros-torové derivace
 []

[3] (./riget.aux))

Here is how much of LuaTeX's memory you used:
 1550 strings out of 494480
 100000,89155 words of node,token memory allocated
 441 words of node memory still in use:
   2 hlist, 1 vlist, 1 rule, 2 glue, 25 attribute, 45 glue_spec, 25 attribute_list, 1 write nodes
   avail lists: 1:1,2:547,3:202,4:8,5:116,6:1802,7:412,8:52,9:380,11:85
 5616 multiletter control sequences out of 65536+600000
 29 fonts using 2540975 bytes
 41i,9n,25p,747b,123s stack positions out of 5000i,500n,10000p,200000b,100000s
</usr/share/texlive/texmf-dist/fonts/opentype/public/cm-unicode/cmuntt.otf>
Output written on riget.pdf (3 pages, 126743 bytes).

PDF statistics: 21 PDF objects out of 1000 (max. 8388607)
 12 compressed objects within 1 object stream
 0 named destinations out of 1000 (max. 131072)
 1 words of extra memory for PDF output out of 10000 (max. 100000000)

